============================================================
   Tang Dynasty, V4.6.18154
   Copyright:   Shanghai Anlogic Infotech Co., Ltd.
                2011 - 2021
   Executable = /opt/Tang/bin/td
   Built by =   andy
   Built at =   2020, мар 27
   Run by =     andy
   Run Date =   Fri Jan 13 00:02:03 2023

   Run on =     andy-asus
============================================================
RUN-1002 : start command "import_device al3_10.db -package LQFP144 -basic"
RUN-1002 : start command "read_verilog -file al_ip/altpll0.v"
HDL-1007 : analyze verilog file al_ip/altpll0.v
HDL-1007 : elaborate module altpll0 in al_ip/altpll0.v(22)
HDL-1007 : elaborate module AL_LOGIC_BUFG in /opt/Tang/arch/al3_macro.v(87)
HDL-1007 : elaborate module AL_PHY_PLL(FIN="50.000",REFCLK_DIV=4,FBCLK_DIV=9,CLKC0_DIV=9,CLKC0_ENABLE="ENABLE",FEEDBK_PATH="CLKC0_EXT",STDBY_ENABLE="DISABLE",CLKC0_CPHASE=8,GMC_GAIN="0",ICP_CURRENT=9,KVCO="2",LPF_CAPACITOR="2",LPF_RESISTOR=8,SYNC_ENABLE="DISABLE") in /opt/Tang/arch/al3_macro.v(786)
HDL-1200 : Current top model is altpll0
HDL-1100 : Inferred 0 RAMs.
RUN-1002 : start command "optimize_rtl"
RUN-1001 : Open license file /opt/Tang/license/Anlogic.lic
RUN-8418 ERROR: License expired!
